\BOOKMARK [1][-]{section.1}{\376\377\000E\000x\000e\000c\000u\000t\000i\000v\000e\000\040\000S\000u\000m\000m\000a\000r\000y}{}% 1
\BOOKMARK [1][-]{section.2}{\376\377\000P\000r\000o\000b\000l\000e\000m\000\040\000S\000t\000a\000t\000e\000m\000e\000n\000t}{}% 2
\BOOKMARK [2][-]{subsection.2.1}{\376\377\000C\000o\000m\000p\000e\000t\000i\000t\000i\000v\000e\000\040\000L\000a\000n\000d\000s\000c\000a\000p\000e}{section.2}% 3
\BOOKMARK [1][-]{section.3}{\376\377\000V\000i\000s\000i\000o\000n\000\040\000\046\000\040\000N\000a\000r\000r\000a\000t\000i\000v\000e}{}% 4
\BOOKMARK [2][-]{subsection.3.1}{\376\377\000T\000h\000e\000\040\000C\000o\000g\000n\000i\000t\000i\000v\000e\000\040\000A\000c\000t\000i\000v\000a\000t\000i\000o\000n\000\040\000P\000r\000o\000t\000o\000c\000o\000l}{section.3}% 5
\BOOKMARK [2][-]{subsection.3.2}{\376\377\000T\000h\000e\000\040\000F\000i\000v\000e\000\040\000P\000i\000l\000l\000a\000r\000s\000\040\000o\000f\000\040\000A\000c\000t\000i\000v\000a\000t\000i\000o\000n}{section.3}% 6
\BOOKMARK [2][-]{subsection.3.3}{\376\377\000T\000h\000e\000\040\000S\000o\000v\000e\000r\000e\000i\000g\000n\000\040\000B\000u\000i\000l\000d\000e\000r\000\040\000E\000c\000o\000n\000o\000m\000y}{section.3}% 7
\BOOKMARK [1][-]{section.4}{\376\377\000T\000h\000e\000\040\000C\000o\000g\000n\000i\000t\000i\000v\000e\000\040\000A\000c\000t\000i\000v\000a\000t\000i\000o\000n\000\040\000P\000r\000o\000t\000o\000c\000o\000l\041\042}{}% 8
\BOOKMARK [2][-]{subsection.4.1}{\376\377\000T\000h\000e\000\040\0005\000+\0001\000\040\000L\000o\000o\000p}{section.4}% 9
\BOOKMARK [2][-]{subsection.4.2}{\376\377\000P\000r\000o\000t\000o\000c\000o\000l\000\040\000C\000o\000m\000p\000o\000n\000e\000n\000t\000s}{section.4}% 10
\BOOKMARK [2][-]{subsection.4.3}{\376\377\000V\000a\000l\000u\000e\000\040\000C\000r\000e\000a\000t\000i\000o\000n\000\040\000a\000n\000d\000\040\000C\000a\000p\000t\000u\000r\000e}{section.4}% 11
\BOOKMARK [2][-]{subsection.4.4}{\376\377\000T\000e\000c\000h\000n\000i\000c\000a\000l\000\040\000A\000r\000c\000h\000i\000t\000e\000c\000t\000u\000r\000e}{section.4}% 12
\BOOKMARK [1][-]{section.5}{\376\377\000Z\000y\000n\000o\000\040\000A\000I\000\040\000C\000o\000-\000F\000o\000u\000n\000d\000e\000r\041\042}{}% 13
\BOOKMARK [2][-]{subsection.5.1}{\376\377\000C\000o\000r\000e\000\040\000C\000o\000m\000p\000o\000n\000e\000n\000t\000s}{section.5}% 14
\BOOKMARK [2][-]{subsection.5.2}{\376\377\000A\000E\000P\000O\041\042\000\040\000-\000\040\000A\000I\000-\000E\000n\000h\000a\000n\000c\000e\000d\000\040\000P\000r\000o\000j\000e\000c\000t\000\040\000O\000p\000t\000i\000m\000i\000z\000a\000t\000i\000o\000n}{section.5}% 15
\BOOKMARK [2][-]{subsection.5.3}{\376\377\000A\000E\000C\000O\041\042\000\040\000-\000\040\000A\000I\000-\000E\000n\000h\000a\000n\000c\000e\000d\000\040\000C\000o\000g\000n\000i\000t\000i\000v\000e\000\040\000O\000p\000e\000r\000a\000t\000i\000o\000n\000s}{section.5}% 16
\BOOKMARK [2][-]{subsection.5.4}{\376\377\000R\000A\000G\000-\000G\000o\000v\041\042\000\040\000-\000\040\000R\000e\000t\000r\000i\000e\000v\000a\000l\000-\000A\000u\000g\000m\000e\000n\000t\000e\000d\000\040\000G\000o\000v\000e\000r\000n\000a\000n\000c\000e}{section.5}% 17
\BOOKMARK [2][-]{subsection.5.5}{\376\377\000Z\000y\000n\000o\000\040\000P\000r\000o\041\042\000\040\000-\000\040\000A\000d\000v\000a\000n\000c\000e\000d\000\040\000B\000u\000i\000l\000d\000e\000r\000\040\000T\000o\000o\000l\000s}{section.5}% 18
\BOOKMARK [1][-]{section.6}{\376\377\000P\000r\000o\000o\000f\000\040\000S\000y\000s\000t\000e\000m\000s}{}% 19
\BOOKMARK [2][-]{subsection.6.1}{\376\377\000P\000r\000o\000o\000f\000-\000o\000f\000-\000S\000k\000i\000l\000l\041\042}{section.6}% 20
\BOOKMARK [2][-]{subsection.6.2}{\376\377\000P\000r\000o\000o\000f\000-\000o\000f\000-\000V\000i\000s\000i\000o\000n\041\042}{section.6}% 21
\BOOKMARK [2][-]{subsection.6.3}{\376\377\000P\000r\000o\000o\000f\000\040\000P\000a\000s\000s\041\042}{section.6}% 22
\BOOKMARK [2][-]{subsection.6.4}{\376\377\000V\000a\000l\000u\000e\000\040\000C\000r\000e\000a\000t\000i\000o\000n\000\040\000a\000n\000d\000\040\000D\000i\000s\000t\000r\000i\000b\000u\000t\000i\000o\000n}{section.6}% 23
\BOOKMARK [1][-]{section.7}{\376\377\000S\000y\000n\000a\000p\000t\000i\000c\000\040\000G\000o\000v\000e\000r\000n\000a\000n\000c\000e\041\042}{}% 24
\BOOKMARK [2][-]{subsection.7.1}{\376\377\000C\000o\000r\000e\000\040\000P\000r\000i\000n\000c\000i\000p\000l\000e\000s}{section.7}% 25
\BOOKMARK [2][-]{subsection.7.2}{\376\377\000G\000o\000v\000e\000r\000n\000a\000n\000c\000e\000\040\000S\000t\000r\000u\000c\000t\000u\000r\000e}{section.7}% 26
\BOOKMARK [2][-]{subsection.7.3}{\376\377\000D\000e\000c\000i\000s\000i\000o\000n\000\040\000M\000a\000k\000i\000n\000g}{section.7}% 27
\BOOKMARK [1][-]{section.8}{\376\377\000\044\000M\000F\000A\000I\000\040\000T\000o\000k\000e\000n\000\040\000U\000t\000i\000l\000i\000t\000y}{}% 28
\BOOKMARK [2][-]{subsection.8.1}{\376\377\000C\000o\000r\000e\000\040\000F\000u\000n\000c\000t\000i\000o\000n\000s}{section.8}% 29
\BOOKMARK [2][-]{subsection.8.2}{\376\377\000T\000o\000k\000e\000n\000\040\000M\000e\000c\000h\000a\000n\000i\000c\000s}{section.8}% 30
\BOOKMARK [2][-]{subsection.8.3}{\376\377\000E\000c\000o\000n\000o\000m\000i\000c\000\040\000M\000o\000d\000e\000l}{section.8}% 31
\BOOKMARK [1][-]{section.9}{\376\377\000B\000u\000r\000n\000\040\000\046\000\040\000B\000u\000y\000b\000a\000c\000k\000\040\000E\000c\000o\000n\000o\000m\000y}{}% 32
\BOOKMARK [2][-]{subsection.9.1}{\376\377\000C\000o\000r\000e\000\040\000M\000e\000c\000h\000a\000n\000i\000s\000m\000s}{section.9}% 33
\BOOKMARK [2][-]{subsection.9.2}{\376\377\000B\000u\000r\000n\000\040\000M\000e\000c\000h\000a\000n\000i\000s\000m}{section.9}% 34
\BOOKMARK [2][-]{subsection.9.3}{\376\377\000B\000u\000y\000b\000a\000c\000k\000\040\000P\000r\000o\000g\000r\000a\000m}{section.9}% 35
\BOOKMARK [1][-]{section.10}{\376\377\000B\000u\000s\000i\000n\000e\000s\000s\000\040\000M\000o\000d\000e\000l}{}% 36
\BOOKMARK [2][-]{subsection.10.1}{\376\377\000R\000e\000v\000e\000n\000u\000e\000\040\000S\000t\000r\000e\000a\000m\000s}{section.10}% 37
\BOOKMARK [2][-]{subsection.10.2}{\376\377\000V\000a\000l\000u\000e\000\040\000D\000i\000s\000t\000r\000i\000b\000u\000t\000i\000o\000n}{section.10}% 38
\BOOKMARK [2][-]{subsection.10.3}{\376\377\000G\000r\000o\000w\000t\000h\000\040\000S\000t\000r\000a\000t\000e\000g\000y}{section.10}% 39
\BOOKMARK [1][-]{section.11}{\376\377\000R\000o\000a\000d\000m\000a\000p}{}% 40
\BOOKMARK [2][-]{subsection.11.1}{\376\377\000F\000o\000u\000n\000d\000a\000t\000i\000o\000n\000\040\000P\000h\000a\000s\000e}{section.11}% 41
\BOOKMARK [2][-]{subsection.11.2}{\376\377\000G\000r\000o\000w\000t\000h\000\040\000P\000h\000a\000s\000e}{section.11}% 42
\BOOKMARK [2][-]{subsection.11.3}{\376\377\000M\000a\000t\000u\000r\000i\000t\000y\000\040\000P\000h\000a\000s\000e}{section.11}% 43
\BOOKMARK [2][-]{subsection.11.4}{\376\377\000E\000v\000o\000l\000u\000t\000i\000o\000n\000\040\000P\000h\000a\000s\000e}{section.11}% 44
\BOOKMARK [1][-]{section.12}{\376\377\000T\000e\000a\000m\000\040\000\046\000\040\000L\000e\000g\000a\000l\000\040\000D\000i\000s\000c\000l\000a\000i\000m\000e\000r}{}% 45
\BOOKMARK [2][-]{subsection.12.1}{\376\377\000T\000e\000a\000m}{section.12}% 46
\BOOKMARK [2][-]{subsection.12.2}{\376\377\000L\000e\000g\000a\000l\000\040\000S\000t\000r\000u\000c\000t\000u\000r\000e}{section.12}% 47
\BOOKMARK [2][-]{subsection.12.3}{\376\377\000R\000i\000s\000k\000\040\000M\000a\000n\000a\000g\000e\000m\000e\000n\000t}{section.12}% 48
\BOOKMARK [2][-]{subsection.12.4}{\376\377\000L\000e\000g\000a\000l\000\040\000D\000i\000s\000c\000l\000a\000i\000m\000e\000r\000s}{section.12}% 49
\BOOKMARK [1][-]{section.13}{\376\377\000G\000l\000o\000s\000s\000a\000r\000y}{}% 50
\BOOKMARK [2][-]{subsection.13.1}{\376\377\000P\000r\000o\000t\000o\000c\000o\000l\000\040\000T\000e\000r\000m\000s}{section.13}% 51
\BOOKMARK [2][-]{subsection.13.2}{\376\377\000T\000e\000c\000h\000n\000i\000c\000a\000l\000\040\000T\000e\000r\000m\000s}{section.13}% 52
\BOOKMARK [2][-]{subsection.13.3}{\376\377\000E\000c\000o\000n\000o\000m\000i\000c\000\040\000T\000e\000r\000m\000s}{section.13}% 53
\BOOKMARK [2][-]{subsection.13.4}{\376\377\000G\000o\000v\000e\000r\000n\000a\000n\000c\000e\000\040\000T\000e\000r\000m\000s}{section.13}% 54
